0 info it worked if it ends with ok
1 verbose cli [ '/usr/local/Cellar/node/5.10.1/bin/node',
1 verbose cli   '/Users/grantsauer/.npm-packages/bin/npm',
1 verbose cli   'start' ]
2 info using npm@3.8.6
3 info using node@v5.10.1
4 verbose run-script [ 'prestart', 'start', 'poststart' ]
5 info lifecycle story-server@1.0.0~prestart: story-server@1.0.0
6 silly lifecycle story-server@1.0.0~prestart: no script for prestart, continuing
7 info lifecycle story-server@1.0.0~start: story-server@1.0.0
8 verbose lifecycle story-server@1.0.0~start: unsafe-perm in lifecycle true
9 verbose lifecycle story-server@1.0.0~start: PATH: /Users/grantsauer/.npm-packages/lib/node_modules/npm/bin/node-gyp-bin:/Users/grantsauer/Desktop/ptc_pilot/ptc_server/node_modules/.bin:/usr/local/Cellar/node/5.10.1/bin:/Users/grantsauer/.npm-packages/bin:/Users/grantsauer/.node/bin:/Users/grantsauer/.rbenv/shims:/Users/grantsauer/.rbenv/bin:/usr/local/bin:/usr/bin:/bin:/usr/sbin:/sbin
10 verbose lifecycle story-server@1.0.0~start: CWD: /Users/grantsauer/Desktop/ptc_pilot/ptc_server
11 silly lifecycle story-server@1.0.0~start: Args: [ '-c', 'babel-node index.js' ]
12 silly lifecycle story-server@1.0.0~start: Returned: code: 1  signal: null
13 info lifecycle story-server@1.0.0~start: Failed to exec start script
14 verbose stack Error: story-server@1.0.0 start: `babel-node index.js`
14 verbose stack Exit status 1
14 verbose stack     at EventEmitter.<anonymous> (/Users/grantsauer/.npm-packages/lib/node_modules/npm/lib/utils/lifecycle.js:239:16)
14 verbose stack     at emitTwo (events.js:100:13)
14 verbose stack     at EventEmitter.emit (events.js:185:7)
14 verbose stack     at ChildProcess.<anonymous> (/Users/grantsauer/.npm-packages/lib/node_modules/npm/lib/utils/spawn.js:24:14)
14 verbose stack     at emitTwo (events.js:100:13)
14 verbose stack     at ChildProcess.emit (events.js:185:7)
14 verbose stack     at maybeClose (internal/child_process.js:850:16)
14 verbose stack     at Process.ChildProcess._handle.onexit (internal/child_process.js:215:5)
15 verbose pkgid story-server@1.0.0
16 verbose cwd /Users/grantsauer/Desktop/ptc_pilot/ptc_server
17 error Darwin 14.5.0
18 error argv "/usr/local/Cellar/node/5.10.1/bin/node" "/Users/grantsauer/.npm-packages/bin/npm" "start"
19 error node v5.10.1
20 error npm  v3.8.6
21 error code ELIFECYCLE
22 error story-server@1.0.0 start: `babel-node index.js`
22 error Exit status 1
23 error Failed at the story-server@1.0.0 start script 'babel-node index.js'.
23 error Make sure you have the latest version of node.js and npm installed.
23 error If you do, this is most likely a problem with the story-server package,
23 error not with npm itself.
23 error Tell the author that this fails on your system:
23 error     babel-node index.js
23 error You can get information on how to open an issue for this project with:
23 error     npm bugs story-server
23 error Or if that isn't available, you can get their info via:
23 error     npm owner ls story-server
23 error There is likely additional logging output above.
24 verbose exit [ 1, true ]
